
===========================================================================
 report_power
============================================================================
======================= Fastest Corner ===================================

Group                  Internal  Switching    Leakage      Total
                          Power      Power      Power      Power (Watts)
----------------------------------------------------------------
Sequential             4.26e-03   2.35e-03   2.53e-08   6.61e-03  15.7%
Combinational          1.37e-02   2.17e-02   1.97e-07   3.54e-02  84.3%
Macro                  0.00e+00   0.00e+00   0.00e+00   0.00e+00   0.0%
Pad                    0.00e+00   0.00e+00   0.00e+00   0.00e+00   0.0%
----------------------------------------------------------------
Total                  1.80e-02   2.41e-02   2.22e-07   4.21e-02 100.0%
                          42.7%      57.3%       0.0%

======================= Slowest Corner ===================================

Group                  Internal  Switching    Leakage      Total
                          Power      Power      Power      Power (Watts)
----------------------------------------------------------------
Sequential             2.90e-03   1.58e-03   2.41e-05   4.50e-03  15.6%
Combinational          9.78e-03   1.45e-02   8.80e-05   2.44e-02  84.4%
Macro                  0.00e+00   0.00e+00   0.00e+00   0.00e+00   0.0%
Pad                    0.00e+00   0.00e+00   0.00e+00   0.00e+00   0.0%
----------------------------------------------------------------
Total                  1.27e-02   1.61e-02   1.12e-04   2.89e-02 100.0%
                          43.9%      55.7%       0.4%

======================= Typical Corner ===================================

Group                  Internal  Switching    Leakage      Total
                          Power      Power      Power      Power (Watts)
----------------------------------------------------------------
Sequential             3.69e-03   2.00e-03   1.37e-08   5.69e-03  15.6%
Combinational          1.22e-02   1.84e-02   1.10e-07   3.07e-02  84.4%
Macro                  0.00e+00   0.00e+00   0.00e+00   0.00e+00   0.0%
Pad                    0.00e+00   0.00e+00   0.00e+00   0.00e+00   0.0%
----------------------------------------------------------------
Total                  1.59e-02   2.04e-02   1.24e-07   3.64e-02 100.0%
                          43.8%      56.2%       0.0%

