
61. Printing statistics.

=== picorv32a ===

   Number of wires:              16605
   Number of wire bits:          16987
   Number of public wires:        1475
   Number of public wire bits:    1857
   Number of memories:               0
   Number of memory bits:            0
   Number of processes:              0
   Number of cells:              16885
     sky130_fd_sc_hd__a2111o_2       5
     sky130_fd_sc_hd__a2111oi_2      3
     sky130_fd_sc_hd__a211o_2      339
     sky130_fd_sc_hd__a211oi_2     138
     sky130_fd_sc_hd__a21bo_2      156
     sky130_fd_sc_hd__a21boi_2      46
     sky130_fd_sc_hd__a21o_2       399
     sky130_fd_sc_hd__a21oi_2      432
     sky130_fd_sc_hd__a221o_2      165
     sky130_fd_sc_hd__a221oi_2       1
     sky130_fd_sc_hd__a22o_2       554
     sky130_fd_sc_hd__a22oi_2      130
     sky130_fd_sc_hd__a2bb2o_2      87
     sky130_fd_sc_hd__a2bb2oi_2      4
     sky130_fd_sc_hd__a311o_2       19
     sky130_fd_sc_hd__a311oi_2       2
     sky130_fd_sc_hd__a31o_2       161
     sky130_fd_sc_hd__a31oi_2       10
     sky130_fd_sc_hd__a32o_2       118
     sky130_fd_sc_hd__a32oi_2        3
     sky130_fd_sc_hd__a41o_2        13
     sky130_fd_sc_hd__and2_2       439
     sky130_fd_sc_hd__and2b_2      296
     sky130_fd_sc_hd__and3_2       426
     sky130_fd_sc_hd__and3b_2       73
     sky130_fd_sc_hd__and4_2       248
     sky130_fd_sc_hd__and4b_2       20
     sky130_fd_sc_hd__and4bb_2      77
     sky130_fd_sc_hd__buf_1       3356
     sky130_fd_sc_hd__buf_2         24
     sky130_fd_sc_hd__conb_1        41
     sky130_fd_sc_hd__dfxtp_2     1613
     sky130_fd_sc_hd__inv_2        203
     sky130_fd_sc_hd__mux2_2      1409
     sky130_fd_sc_hd__mux4_2        69
     sky130_fd_sc_hd__nand2_2      682
     sky130_fd_sc_hd__nand3_2      173
     sky130_fd_sc_hd__nand3b_2      12
     sky130_fd_sc_hd__nand4_2      259
     sky130_fd_sc_hd__nor2_2       749
     sky130_fd_sc_hd__nor2b_2        8
     sky130_fd_sc_hd__nor3_2        90
     sky130_fd_sc_hd__nor3b_2       17
     sky130_fd_sc_hd__nor4_2        20
     sky130_fd_sc_hd__o2111a_2       4
     sky130_fd_sc_hd__o2111ai_2      2
     sky130_fd_sc_hd__o211a_2      407
     sky130_fd_sc_hd__o211ai_2     114
     sky130_fd_sc_hd__o21a_2       291
     sky130_fd_sc_hd__o21ai_2      210
     sky130_fd_sc_hd__o21ba_2       65
     sky130_fd_sc_hd__o21bai_2      16
     sky130_fd_sc_hd__o221a_2       55
     sky130_fd_sc_hd__o221ai_2       4
     sky130_fd_sc_hd__o22a_2        90
     sky130_fd_sc_hd__o22ai_2        4
     sky130_fd_sc_hd__o2bb2a_2      91
     sky130_fd_sc_hd__o311a_2       39
     sky130_fd_sc_hd__o31a_2        25
     sky130_fd_sc_hd__o31ai_2        6
     sky130_fd_sc_hd__o32a_2        18
     sky130_fd_sc_hd__o32ai_2        1
     sky130_fd_sc_hd__o41ai_2        1
     sky130_fd_sc_hd__or2_2        673
     sky130_fd_sc_hd__or2b_2       103
     sky130_fd_sc_hd__or3_2        183
     sky130_fd_sc_hd__or3b_2        35
     sky130_fd_sc_hd__or4_2         56
     sky130_fd_sc_hd__or4b_2        11
     sky130_fd_sc_hd__or4bb_2       34
     sky130_fd_sc_hd__xnor2_2      827
     sky130_fd_sc_hd__xor2_2       431

   Chip area for module '\picorv32a': 165052.048000

